<?xml version="1.0" encoding="UTF-8"?>
<!-- Generated by org.testng.reporters.JUnitReportReporter -->
<testsuite hostname="Laptopotamus" failures="0" tests="2" name="com.keywordframework.tests.TestrunEngine" time="12.727" errors="0" timestamp="2025-02-09T17:06:27 IST" skipped="0">
  <testcase classname="com.keywordframework.tests.TestrunEngine" name="executeTest" time="5.883"/>
  <testcase classname="com.keywordframework.tests.TestrunEngine" name="executeTest" time="6.844"/>
</testsuite> <!-- com.keywordframework.tests.TestrunEngine -->
