<?xml version="1.0" encoding="UTF-8"?>
<!-- Generated by org.testng.reporters.JUnitReportReporter -->
<testsuite hostname="Laptopotamus" failures="0" tests="2" name="com.keywordframework.tests.TestrunEngine" time="14.185" errors="0" timestamp="2025-02-10T18:00:36 IST" skipped="0">
  <testcase classname="com.keywordframework.tests.TestrunEngine" name="executeTest" time="7.475"/>
  <testcase classname="com.keywordframework.tests.TestrunEngine" name="executeTest" time="6.710"/>
</testsuite> <!-- com.keywordframework.tests.TestrunEngine -->
