<?xml version="1.0" encoding="UTF-8"?>
<!-- Generated by org.testng.reporters.JUnitReportReporter -->
<testsuite hostname="Laptopotamus" failures="0" tests="1" name="com.keywordframework.tests.TestExecutor" time="5.002" errors="0" timestamp="2025-02-08T18:55:19 IST" skipped="0">
  <testcase classname="com.keywordframework.tests.TestExecutor" name="LoginTest" time="5.002"/>
</testsuite> <!-- com.keywordframework.tests.TestExecutor -->
