<?xml version="1.0" encoding="UTF-8"?>
<!-- Generated by org.testng.reporters.JUnitReportReporter -->
<testsuite hostname="Laptopotamus" failures="0" tests="1" name="com.keywordframework.tests.TestExecutor2" time="4.397" errors="0" timestamp="2025-02-09T16:34:43 IST" skipped="0">
  <testcase classname="com.keywordframework.tests.TestExecutor2" name="LoginTest" time="4.397"/>
</testsuite> <!-- com.keywordframework.tests.TestExecutor2 -->
